<?xml version="1.0" encoding="UTF-8"?>
<testsuite name="it.unibo.deathnote.TestDeathNote" tests="5" skipped="0" failures="0" errors="0" timestamp="2023-11-17T09:19:34" hostname="Shimajs-Air.fritz.box" time="6.229">
  <properties/>
  <testcase name="TestDeathCause()" classname="it.unibo.deathnote.TestDeathNote" time="0.114"/>
  <testcase name="TestHumanDeath()" classname="it.unibo.deathnote.TestDeathNote" time="0.001"/>
  <testcase name="TestEmptyRule()" classname="it.unibo.deathnote.TestDeathNote" time="0.001"/>
  <testcase name="TestWriteTime()" classname="it.unibo.deathnote.TestDeathNote" time="6.108"/>
  <testcase name="TestGetRule()" classname="it.unibo.deathnote.TestDeathNote" time="0.002"/>
  <system-out><![CDATA[]]></system-out>
  <system-err><![CDATA[]]></system-err>
</testsuite>
